[debug] [2023-01-02T12:37:44.387Z] ----------------------------------------------------------------------
[debug] [2023-01-02T12:37:44.389Z] Command:       /opt/homebrew/Cellar/node/19.3.0/bin/node /opt/homebrew/bin/firebase init
[debug] [2023-01-02T12:37:44.389Z] CLI Version:   11.19.0
[debug] [2023-01-02T12:37:44.389Z] Platform:      darwin
[debug] [2023-01-02T12:37:44.389Z] Node Version:  v19.3.0
[debug] [2023-01-02T12:37:44.389Z] Time:          Mon Jan 02 2023 21:37:44 GMT+0900 (대한민국 표준시)
[debug] [2023-01-02T12:37:44.389Z] ----------------------------------------------------------------------
[debug] 
[debug] [2023-01-02T12:37:44.391Z] >>> [apiv2][query] GET https://firebase-public.firebaseio.com/cli.json [none]
[debug] [2023-01-02T12:37:44.407Z] > command requires scopes: ["email","openid","https://www.googleapis.com/auth/cloudplatformprojects.readonly","https://www.googleapis.com/auth/firebase","https://www.googleapis.com/auth/cloud-platform"]
[debug] [2023-01-02T12:37:44.407Z] > authorizing via signed-in user (smileajw1004@gmail.com)
[info] 
     ######## #### ########  ######## ########     ###     ######  ########
     ##        ##  ##     ## ##       ##     ##  ##   ##  ##       ##
     ######    ##  ########  ######   ########  #########  ######  ######
     ##        ##  ##    ##  ##       ##     ## ##     ##       ## ##
     ##       #### ##     ## ######## ########  ##     ##  ######  ########

You're about to initialize a Firebase project in this directory:

  /Users/johnahn/Desktop/react-disney-app

[debug] [2023-01-02T12:37:45.038Z] <<< [apiv2][status] GET https://firebase-public.firebaseio.com/cli.json 200
[debug] [2023-01-02T12:37:45.039Z] <<< [apiv2][body] GET https://firebase-public.firebaseio.com/cli.json {"cloudBuildErrorAfter":1594252800000,"cloudBuildWarnAfter":1590019200000,"defaultNode10After":1594252800000,"minVersion":"3.0.5","node8DeploysDisabledAfter":1613390400000,"node8RuntimeDisabledAfter":1615809600000,"node8WarnAfter":1600128000000}
[info] 
=== Project Setup
[info] 
[info] First, let's associate this project directory with a Firebase project.
[info] You can create multiple project aliases by running firebase use --add, 
[info] but for now we'll just set up a default project.
[info] 
[debug] [2023-01-02T12:39:31.490Z] > refreshing access token with scopes: []
[debug] [2023-01-02T12:39:31.491Z] >>> [apiv2][query] POST https://www.googleapis.com/oauth2/v3/token [none]
[debug] [2023-01-02T12:39:31.491Z] >>> [apiv2][body] POST https://www.googleapis.com/oauth2/v3/token [omitted]
[debug] [2023-01-02T12:39:32.513Z] <<< [apiv2][status] POST https://www.googleapis.com/oauth2/v3/token 200
[debug] [2023-01-02T12:39:32.513Z] <<< [apiv2][body] POST https://www.googleapis.com/oauth2/v3/token [omitted]
[debug] [2023-01-02T12:39:32.527Z] >>> [apiv2][query] GET https://firebase.googleapis.com/v1beta1/projects pageSize=100
[debug] [2023-01-02T12:39:34.081Z] <<< [apiv2][status] GET https://firebase.googleapis.com/v1beta1/projects 200
[debug] [2023-01-02T12:39:34.081Z] <<< [apiv2][body] GET https://firebase.googleapis.com/v1beta1/projects [omitted]
[info] i  Using project react-disney-plus-app-86801 (react-disney-plus-app) 
[info] 
=== Hosting Setup
[info] 
[info] Your public directory is the folder (relative to your project directory) that
[info] will contain Hosting assets to be uploaded with firebase deploy. If you
[info] have a build process for your assets, use your build's output directory.
[info] 
[debug] [2023-01-02T12:41:37.767Z] >>> [apiv2][query] GET https://www.gstatic.com/firebasejs/releases.json [none]
[debug] [2023-01-02T12:41:38.337Z] <<< [apiv2][status] GET https://www.gstatic.com/firebasejs/releases.json 200
[debug] [2023-01-02T12:41:38.337Z] <<< [apiv2][body] GET https://www.gstatic.com/firebasejs/releases.json {"current":{"version":"9.15.0","browserURL":"https://www.gstatic.com/firebasejs/9.15.0/firebase.js","packageURL":"https://www.gstatic.com/firebasejs/9.15.0/firebase.tgz"},"live":{"version":"9.15","browserURL":"https://www.gstatic.com/firebasejs/live/9.15/firebase.js","packageURL":"https://www.gstatic.com/firebasejs/live/9.15/firebase.tgz"},"components":{"analytics":"https://www.gstatic.com/firebasejs/9.15.0/firebase-analytics.js","app":"https://www.gstatic.com/firebasejs/9.15.0/firebase-app.js","app-check":"https://www.gstatic.com/firebasejs/9.15.0/firebase-app-check.js","auth":"https://www.gstatic.com/firebasejs/9.15.0/firebase-auth.js","auth/cordova":"https://www.gstatic.com/firebasejs/9.15.0/firebase-auth/cordova.js","auth/react-native":"https://www.gstatic.com/firebasejs/9.15.0/firebase-auth/react-native.js","functions":"https://www.gstatic.com/firebasejs/9.15.0/firebase-functions.js","firestore":"https://www.gstatic.com/firebasejs/9.15.0/firebase-firestore.js","firestore/lite":"https://www.gstatic.com/firebasejs/9.15.0/firebase-firestore/lite.js","installations":"https://www.gstatic.com/firebasejs/9.15.0/firebase-installations.js","storage":"https://www.gstatic.com/firebasejs/9.15.0/firebase-storage.js","performance":"https://www.gstatic.com/firebasejs/9.15.0/firebase-performance.js","remote-config":"https://www.gstatic.com/firebasejs/9.15.0/firebase-remote-config.js","messaging":"https://www.gstatic.com/firebasejs/9.15.0/firebase-messaging.js","messaging/sw":"https://www.gstatic.com/firebasejs/9.15.0/firebase-messaging/sw.js","database":"https://www.gstatic.com/firebasejs/9.15.0/firebase-database.js","firestore.memory":"https://www.gstatic.com/firebasejs/9.15.0/firebase-firestore.memory.js"}}
[info] i  Skipping write of build/index.html 
[info] 
[info] i  Detected a .git folder at /Users/johnahn/Desktop/react-disney-app 
[info] i  Authorizing with GitHub to upload your service account to a GitHub repository's secrets store. 
[info] 
[info] Visit this URL on this device to log in:
[info] https://github.com/login/oauth/authorize?client_id=89cf50f02ac6aaed3484&state=306598384&redirect_uri=http%3A%2F%2Flocalhost%3A9005&scope=read%3Auser%20repo%20public_repo
[info] 
[info] Waiting for authentication...
[debug] [2023-01-02T12:41:49.047Z] >>> [apiv2][query] POST https://github.com/login/oauth/access_token [none]
[debug] [2023-01-02T12:41:49.048Z] >>> [apiv2][body] POST https://github.com/login/oauth/access_token [stream]
[debug] [2023-01-02T12:41:49.702Z] <<< [apiv2][status] POST https://github.com/login/oauth/access_token 200
[debug] [2023-01-02T12:41:49.703Z] <<< [apiv2][body] POST https://github.com/login/oauth/access_token {"access_token":"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","token_type":"bearer","scope":"read:user,repo"}
[debug] [2023-01-02T12:41:49.718Z] >>> [apiv2][query] GET https://api.github.com/user [none]
[debug] [2023-01-02T12:41:50.072Z] <<< [apiv2][status] GET https://api.github.com/user 200
[debug] [2023-01-02T12:41:50.072Z] <<< [apiv2][body] GET https://api.github.com/user {"login":"jaewonhimnae","id":38754963,"node_id":"MDQ6VXNlcjM4NzU0OTYz","avatar_url":"https://avatars.githubusercontent.com/u/38754963?v=4","gravatar_id":"","url":"https://api.github.com/users/jaewonhimnae","html_url":"https://github.com/jaewonhimnae","followers_url":"https://api.github.com/users/jaewonhimnae/followers","following_url":"https://api.github.com/users/jaewonhimnae/following{/other_user}","gists_url":"https://api.github.com/users/jaewonhimnae/gists{/gist_id}","starred_url":"https://api.github.com/users/jaewonhimnae/starred{/owner}{/repo}","subscriptions_url":"https://api.github.com/users/jaewonhimnae/subscriptions","organizations_url":"https://api.github.com/users/jaewonhimnae/orgs","repos_url":"https://api.github.com/users/jaewonhimnae/repos","events_url":"https://api.github.com/users/jaewonhimnae/events{/privacy}","received_events_url":"https://api.github.com/users/jaewonhimnae/received_events","type":"User","site_admin":false,"name":"John Ahn","company":null,"blog":"https://www.youtube.com/channel/UCFyXA9x8lpL3EYWeYhj4C4Q","location":"Korea Bundang-gu","email":"smileajw1004@gmail.com","hireable":true,"bio":"Happy to meet you ^_^ \r\n","twitter_username":null,"public_repos":52,"public_gists":0,"followers":1108,"following":0,"created_at":"2018-04-26T11:07:53Z","updated_at":"2022-07-30T02:31:58Z","private_gists":0,"total_private_repos":48,"owned_private_repos":48,"disk_usage":1928984,"collaborators":1,"two_factor_authentication":false,"plan":{"name":"free","space":976562499,"collaborators":0,"private_repos":10000}}
[info] 
[info] ✔  Success! Logged into GitHub as jaewonhimnae 
[info] 
